<?xml version="1.0" encoding="UTF-8"?>
<testsuite name="ru.netology.service.CashbackHackServiceTest" tests="1" skipped="0" failures="0" errors="0" timestamp="2022-02-26T20:35:26" hostname="DESKTOP-AVG" time="0.016">
  <properties/>
  <testcase name="shouldAboveLimit" classname="ru.netology.service.CashbackHackServiceTest" time="0.016"/>
  <system-out><![CDATA[]]></system-out>
  <system-err><![CDATA[]]></system-err>
</testsuite>
